2026/01/13 22:15:26 Connected to MongoDB
2026/01/13 22:15:26 Connected to Redis
2026/01/13 22:15:26 MongoDB indexes for users ensured
2026/01/13 22:15:26 Users service starting on port 8001
2026/01/14 20:23:54 Connected to MongoDB
2026/01/14 20:23:54 Connected to Redis
2026/01/14 20:23:54 MongoDB indexes for users ensured
2026/01/14 20:23:54 Users service starting on port 8001
[2026-01-14 20:28:19] TYPE=failed ACTION=auth IP=172.19.0.1 DETAILS=Missing Authorization header
[2026-01-14 20:28:48] TYPE=success ACTION=register IP=172.19.0.1 DETAILS=User Strahinja registered
2026/01/14 20:28:48 📧 MOCK EMAIL to=strahinja@gmail.com subject=Verify your email (body_len=207)
[2026-01-14 20:29:18] TYPE=failed ACTION=login IP=172.19.0.1 DETAILS=User Strahinja email not verified
2026/01/14 20:32:05 📧 MOCK EMAIL to=strahinja@gmail.com subject=Your OTP Code (body_len=72)
[2026-01-14 20:32:05] TYPE=success ACTION=login_otp_sent IP=172.19.0.1 DETAILS=User Strahinja OTP sent
2026/01/14 20:34:25 Connected to MongoDB
2026/01/14 20:34:25 Connected to Redis
2026/01/14 20:34:25 MongoDB indexes for users ensured
2026/01/14 20:34:25 Users service starting on port 8001
2026/01/14 20:37:20 📧 MOCK EMAIL to=strahinja@gmail.com subject=Your OTP Code
BODY:
Hi Strahinja,

Your OTP code is: 399429

This code expires in 5 minutes.
-------------------
[2026-01-14 20:37:20] TYPE=success ACTION=login_otp_sent IP=172.19.0.1 DETAILS=User Strahinja OTP sent
2026/01/14 20:40:18 Connected to MongoDB
2026/01/14 20:40:18 Connected to Redis
2026/01/14 20:40:18 MongoDB indexes for users ensured
2026/01/14 20:40:18 Users service starting on port 8001
[2026-01-14 20:43:20] TYPE=failed ACTION=auth IP=172.19.0.1 DETAILS=Missing Authorization header
2026/01/14 20:43:29 📧 MOCK EMAIL to=strahinja@gmail.com subject=Your OTP Code
BODY:
Hi Strahinja,

Your OTP code is: 401353

This code expires in 5 minutes.
-------------------
[2026-01-14 20:43:29] TYPE=success ACTION=login_otp_sent IP=172.19.0.1 DETAILS=User Strahinja OTP sent
2026/01/14 20:45:38 Connected to MongoDB
2026/01/14 20:45:38 Connected to Redis
2026/01/14 20:45:38 MongoDB indexes for users ensured
2026/01/14 20:45:38 Users service starting on port 8001
2026/01/14 20:46:40 Connected to MongoDB
2026/01/14 20:46:40 Connected to Redis
2026/01/14 20:46:40 MongoDB indexes for users ensured
2026/01/14 20:46:40 Users service starting on port 8001
2026/01/14 20:47:45 📧 MOCK EMAIL to=strahinja@gmail.com subject=Your OTP Code
BODY:
Hi Strahinja,

Your OTP code is: 835461

This code expires in 5 minutes.
-------------------
[2026-01-14 20:47:45] TYPE=success ACTION=login_otp_sent IP=172.19.0.1 DETAILS=User Strahinja OTP sent
2026/01/14 20:48:09 📧 MOCK EMAIL to=strahinja@gmail.com subject=Your OTP Code
BODY:
Hi Strahinja,

Your OTP code is: 520525

This code expires in 5 minutes.
-------------------
[2026-01-14 20:48:09] TYPE=success ACTION=login_otp_sent IP=172.19.0.1 DETAILS=User Strahinja OTP sent
[2026-01-14 20:48:54] TYPE=success ACTION=register IP=172.19.0.1 DETAILS=User Strahinjaa registered
2026/01/14 20:48:54 📧 MOCK EMAIL to=strahinjamijatovic.sm@gmail.com subject=Verify your email
BODY:
Hi Strahinjaa,

Please verify your email by clicking this link:
http://localhost:8080/api/v1/verify-email?token=a8ffe221640e389ae0c591e58ea752f83cdfbf28058e6ee211fbce0e3092e84f

This link expires in 24 hours.
-------------------
[2026-01-14 20:49:11] TYPE=failed ACTION=login IP=172.19.0.1 DETAILS=User Strahinjaa email not verified
[2026-01-14 20:49:17] TYPE=failed ACTION=login IP=172.19.0.1 DETAILS=User Strahinjaa email not verified
2026/01/14 20:55:18 Connected to MongoDB
2026/01/14 20:55:18 Connected to Redis
2026/01/14 20:55:18 MongoDB indexes for users ensured
2026/01/14 20:55:18 Users service starting on port 8001
2026/01/14 20:55:49 📧 MOCK EMAIL to=strahinja@gmail.com subject=Your OTP Code
BODY:
Hi Strahinja,

Your OTP code is: 492082

This code expires in 5 minutes.
-------------------
[2026-01-14 20:55:49] TYPE=success ACTION=login_otp_sent IP=172.19.0.1 DETAILS=User Strahinja OTP sent
2026/01/14 20:56:20 📧 MOCK EMAIL to=strahinjamijatovic.sm@gmail.com subject=Your OTP Code
BODY:
Hi Strahinjaa,

Your OTP code is: 710176

This code expires in 5 minutes.
-------------------
[2026-01-14 20:56:20] TYPE=success ACTION=login_otp_sent IP=172.19.0.1 DETAILS=User Strahinjaa OTP sent
2026/01/14 20:58:53 Connected to MongoDB
2026/01/14 20:58:53 Connected to Redis
2026/01/14 20:58:53 MongoDB indexes for users ensured
2026/01/14 20:58:53 Users service starting on port 8001
[2026-01-14 20:59:20] TYPE=success ACTION=login_otp_sent IP=172.19.0.1 DETAILS=User Strahinja OTP sent
[2026-01-14 20:59:30] TYPE=success ACTION=login IP=172.19.0.1 DETAILS=User Strahinja logged in
[2026-01-14 20:59:30] TYPE=failed ACTION=auth IP=172.19.0.1 DETAILS=Missing Authorization header
[2026-01-14 20:59:54] TYPE=failed ACTION=auth IP=172.19.0.1 DETAILS=Missing Authorization header
